
0000, lbl 00
0001, lbl 00
0002, lbl 00
0003, lbl 00
0004, lbl 00
0005, lbl 00
0006, lbl 00
0007, lbl 00
0008, lbl 00
0009, lbl 00
000A, lbl 00
000B, lbl 00
000C, lbl 00
000D, lbl 00
000E, lbl 00
000F, lbl 00
0010, lbl 00
0011, lbl 00
0012, lbl 00
0013, lbl 00
0014, lbl 00
0015, lbl 00
0016, lbl 00
0017, lbl 00
0018, lbl 00
0019, lbl 00
001A, lbl 00
001B, lbl 00
001C, lbl 00
001D, lbl 00
001E, lbl 00
001F, lbl 00
0020, lbl 00
0021, lbl 00
0022, lbl 00
0023, lbl 00
0024, lbl 00
0025, lbl 00
0026, lbl 00
0027, lbl 00
0028, lbl 00
0029, lbl 00
002A, lbl 00
002B, lbl 00
002C, lbl 00
002D, lbl 00
002E, lbl 00
002F, lbl 00
0030, lbl 00
0031, lbl 00
0032, lbl 00
0033, lbl 00
0034, lbl 00
0035, lbl 00
0036, lbl 00
0037, lbl 00
0038, lbl 00
0039, lbl 00
003A, lbl 00
003B, lbl 00
003C, lbl 00
003D, lbl 00
003E, lbl 00
003F, lbl 00
0040, lbl 00
0041, lbl 00
0042, lbl 00
0043, lbl 00
0044, lbl 00
0045, lbl 00
0046, lbl 00
0047, lbl 00
0048, lbl 00
0049, lbl 00
004A, lbl 00
004B, lbl 00
004C, lbl 00
004D, lbl 00
004E, lbl 00
004F, lbl 00
0050, lbl 00
0051, lbl 00
0052, lbl 00
0053, lbl 00
0054, lbl 00
0055, lbl 00
0056, lbl 00
0057, lbl 00
0058, lbl 00
0059, lbl 00
005A, lbl 00
005B, lbl 00
005C, lbl 00
005D, lbl 00
005E, lbl 00
005F, lbl 00
0060, lbl 00
0061, lbl 00
0062, lbl 00
0063, lbl 00
0064, lbl 00
0065, lbl 00
0066, lbl 00
0067, lbl 00
0068, lbl 00
0069, lbl 00
006A, lbl 00
006B, lbl 00
006C, lbl 00
006D, lbl 00
006E, lbl 00
006F, lbl 00
0070, lbl 00
0071, lbl 00
0072, lbl 00
0073, lbl 00
0074, lbl 00
0075, lbl 00
0076, lbl 00
0077, lbl 00
0078, lbl 00
0079, lbl 00
007A, lbl 00
007B, lbl 00
007C, lbl 00
007D, lbl 00
007E, lbl 00
007F, lbl 00
0080, lbl 00
0081, lbl 00
0082, lbl 00
0083, lbl 00
0084, lbl 00
0085, lbl 00
0086, lbl 00
0087, lbl 00
0088, lbl 00
0089, lbl 00
008A, lbl 00
008B, lbl 00
008C, lbl 00
008D, lbl 00
008E, lbl 00
008F, lbl 00
0090, lbl 00
0091, lbl 00
0092, lbl 00
0093, lbl 00
0094, lbl 00
0095, lbl 00
0096, lbl 00
0097, lbl 00
0098, lbl 00
0099, lbl 00
009A, lbl 00
009B, lbl 00
009C, lbl 00
009D, lbl 00
009E, lbl 00
009F, lbl 00
00A0, lbl 00
00A1, lbl 00
00A2, lbl 00
00A3, lbl 00
00A4, lbl 00
00A5, lbl 00
00A6, lbl 00
00A7, lbl 00
00A8, lbl 00
00A9, lbl 00
00AA, lbl 00
00AB, lbl 00
00AC, lbl 00
00AD, lbl 00
00AE, lbl 00
00AF, lbl 00
00B0, lbl 00
00B1, lbl 00
00B2, lbl 00
00B3, lbl 00
00B4, lbl 00
00B5, lbl 00
00B6, lbl 00
00B7, lbl 00
00B8, lbl 00
00B9, lbl 00
00BA, lbl 00
00BB, lbl 00
00BC, lbl 00
00BD, lbl 00
00BE, lbl 00
00BF, lbl 00
00C0, lbl 00
00C1, lbl 00
00C2, lbl 00
00C3, lbl 00
00C4, lbl 00
00C5, lbl 00
00C6, lbl 00
00C7, lbl 00
00C8, lbl 00
00C9, lbl 00
00CA, lbl 00
00CB, lbl 00
00CC, lbl 00
00CD, lbl 00
00CE, lbl 00
00CF, lbl 00
00D0, lbl 00
00D1, lbl 00
00D2, lbl 00
00D3, lbl 00
00D4, lbl 00
00D5, lbl 00
00D6, lbl 00
00D7, lbl 00
00D8, lbl 00
00D9, lbl 00
00DA, lbl 00
00DB, lbl 00
00DC, lbl 00
00DD, lbl 00
00DE, lbl 00
00DF, lbl 00
00E0, lbl 00
00E1, lbl 00
00E2, lbl 00
00E3, lbl 00
00E4, lbl 00
00E5, lbl 00
00E6, lbl 00
00E7, lbl 00
00E8, lbl 00
00E9, lbl 00
00EA, lbl 00
00EB, lbl 00
00EC, lbl 00
00ED, lbl 00
00EE, lbl 00
00EF, lbl 00
00F0, lbl 00
00F1, lbl 00
00F2, lbl 00
00F3, lbl 00
00F4, lbl 00
00F5, lbl 00
00F6, lbl 00
00F7, lbl 00
00F8, lbl 00
00F9, lbl 00
00FA, lbl 00
00FB, lbl 00
00FC, lbl 00
00FD, lbl 00
00FE, lbl 00
00FF, lbl 00
0100, lbl 00
0101, lbl 00
0102, lbl 00
0103, lbl 00
0104, lbl 00
0105, lbl 00
0106, lbl 00
0107, lbl 00
0108, lbl 00
0109, lbl 00
010A, lbl 00
010B, lbl 00
010C, lbl 00
010D, lbl 00
010E, lbl 00
010F, lbl 00
0110, lbl 00
0111, lbl 00
0112, lbl 00
0113, lbl 00
0114, lbl 00
0115, lbl 00
0116, lbl 00
0117, lbl 00
0118, lbl 00
0119, lbl 00
011A, lbl 00
011B, lbl 00
011C, lbl 00
011D, lbl 00
011E, lbl 00
011F, lbl 00
0120, lbl 00
0121, lbl 00
0122, lbl 00
0123, lbl 00
0124, lbl 00
0125, lbl 00
0126, lbl 00
0127, lbl 00
0128, lbl 00
0129, lbl 00
012A, lbl 00
012B, lbl 00
012C, lbl 00
012D, lbl 00
012E, lbl 00
012F, lbl 00
0130, lbl 00
0131, lbl 00
0132, lbl 00
0133, lbl 00
0134, lbl 00
0135, lbl 00
0136, lbl 00
0137, lbl 00
0138, lbl 00
0139, lbl 00
013A, lbl 00
013B, lbl 00
013C, lbl 00
013D, lbl 00
013E, lbl 00
013F, lbl 00
0140, lbl 00
0141, lbl 00
0142, lbl 00
0143, lbl 00
0144, lbl 00
0145, lbl 00
0146, lbl 00
0147, lbl 00
0148, lbl 00
0149, lbl 00
014A, lbl 00
014B, lbl 00
014C, lbl 00
014D, lbl 00
014E, lbl 00
014F, lbl 00
0150, lbl 00
0151, lbl 00
0152, lbl 00
0153, lbl 00
0154, lbl 00
0155, lbl 00
0156, lbl 00
0157, lbl 00
0158, lbl 00
0159, lbl 00
015A, lbl 00
015B, lbl 00
015C, lbl 00
015D, lbl 00
015E, lbl 00
015F, lbl 00
0160, lbl 00
0161, lbl 00
0162, lbl 00
0163, lbl 00
0164, lbl 00
0165, lbl 00
0166, lbl 00
0167, lbl 00
0168, lbl 00
0169, lbl 00
016A, lbl 00
016B, lbl 00
016C, lbl 00
016D, lbl 00
016E, lbl 00
016F, lbl 00
0170, lbl 00
0171, lbl 00
0172, lbl 00
0173, lbl 00
0174, lbl 00
0175, lbl 00
0176, lbl 00
0177, lbl 00
0178, lbl 00
0179, lbl 00
017A, lbl 00
017B, lbl 00
017C, lbl 00
017D, lbl 00
017E, lbl 00
017F, lbl 00
0180, lbl 00
0181, lbl 00
0182, lbl 00
0183, lbl 00
0184, lbl 00
0185, lbl 00
0186, lbl 00
0187, lbl 00
0188, lbl 00
0189, lbl 00
018A, lbl 00
018B, lbl 00
018C, lbl 00
018D, lbl 00
018E, lbl 00
018F, lbl 00
0190, lbl 00
0191, lbl 00
0192, lbl 00
0193, lbl 00
0194, lbl 00
0195, lbl 00
0196, lbl 00
0197, lbl 00
0198, lbl 00
0199, lbl 00
019A, lbl 00
019B, lbl 00
019C, lbl 00
019D, lbl 00
019E, lbl 00
019F, lbl 00
01A0, lbl 00
01A1, lbl 00
01A2, lbl 00
01A3, lbl 00
01A4, lbl 00
01A5, lbl 00
01A6, lbl 00
01A7, lbl 00
01A8, lbl 00
01A9, lbl 00
01AA, lbl 00
01AB, lbl 00
01AC, lbl 00
01AD, lbl 00
01AE, lbl 00
01AF, lbl 00
01B0, lbl 00
01B1, lbl 00
01B2, lbl 00
01B3, lbl 00
01B4, lbl 00
01B5, lbl 00
01B6, lbl 00
01B7, lbl 00
01B8, lbl 00
01B9, lbl 00
01BA, lbl 00
01BB, lbl 00
01BC, lbl 00
01BD, lbl 00
01BE, lbl 00
01BF, lbl 00
01C0, lbl 00
01C1, lbl 00
01C2, lbl 00
01C3, lbl 00
01C4, lbl 00
01C5, lbl 00
01C6, lbl 00
01C7, lbl 00
01C8, lbl 00
01C9, lbl 00
01CA, lbl 00
01CB, lbl 00
01CC, lbl 00
01CD, lbl 00
01CE, lbl 00
01CF, lbl 00
01D0, lbl 00
01D1, lbl 00
01D2, lbl 00
01D3, lbl 00
01D4, lbl 00
01D5, lbl 00
01D6, lbl 00
01D7, lbl 00
01D8, lbl 00
01D9, lbl 00
01DA, lbl 00
01DB, lbl 00
01DC, lbl 00
01DD, lbl 00
01DE, lbl 00
01DF, lbl 00
01E0, lbl 00
01E1, lbl 00
01E2, lbl 00
01E3, lbl 00
01E4, lbl 00
01E5, lbl 00
01E6, lbl 00
01E7, lbl 00
01E8, lbl 00
01E9, lbl 00
01EA, lbl 00
01EB, lbl 00
01EC, lbl 00
01ED, lbl 00
01EE, lbl 00
01EF, lbl 00
01F0, lbl 00
01F1, lbl 00
01F2, lbl 00
01F3, lbl 00
01F4, lbl 00
01F5, lbl 00
01F6, lbl 00
01F7, lbl 00
01F8, lbl 00
01F9, lbl 00
01FA, lbl 00
01FB, lbl 00
01FC, lbl 00
01FD, lbl 00
01FE, lbl 00
01FF, lbl 00
0200, lbl 00
0201, lbl 00
0202, lbl 00
0203, lbl 00
0204, lbl 00
0205, lbl 00
0206, lbl 00
0207, lbl 00
0208, lbl 00
0209, lbl 00
020A, lbl 00
020B, lbl 00
020C, lbl 00
020D, lbl 00
020E, lbl 00
020F, lbl 00
0210, lbl 00
0211, lbl 00
0212, lbl 00
0213, lbl 00
0214, lbl 00
0215, lbl 00
0216, lbl 00
0217, lbl 00
0218, lbl 00
0219, lbl 00
021A, lbl 00
021B, lbl 00
021C, lbl 00
021D, lbl 00
021E, lbl 00
021F, lbl 00
0220, lbl 00
0221, lbl 00
0222, lbl 00
0223, lbl 00
0224, lbl 00
0225, lbl 00
0226, lbl 00
0227, lbl 00
0228, lbl 00
0229, lbl 00
022A, lbl 00
022B, lbl 00
022C, lbl 00
022D, lbl 00
022E, lbl 00
022F, lbl 00
0230, lbl 00
0231, lbl 00
0232, lbl 00
0233, lbl 00
0234, lbl 00
0235, lbl 00
0236, lbl 00
0237, lbl 00
0238, lbl 00
0239, lbl 00
023A, lbl 00
023B, lbl 00
023C, lbl 00
023D, lbl 00
023E, lbl 00
023F, lbl 00
0240, lbl 00
0241, lbl 00
0242, lbl 00
0243, lbl 00
0244, lbl 00
0245, lbl 00
0246, lbl 00
0247, lbl 00
0248, lbl 00
0249, lbl 00
024A, lbl 00
024B, lbl 00
024C, lbl 00
024D, lbl 00
024E, lbl 00
024F, lbl 00
0250, lbl 00
0251, lbl 00
0252, lbl 00
0253, lbl 00
0254, lbl 00
0255, lbl 00
0256, lbl 00
0257, lbl 00
0258, lbl 00
0259, lbl 00
025A, lbl 00
025B, lbl 00
025C, lbl 00
025D, lbl 00
025E, lbl 00
025F, lbl 00
0260, lbl 00
0261, lbl 00
0262, lbl 00
0263, lbl 00
0264, lbl 00
0265, lbl 00
0266, lbl 00
0267, lbl 00
0268, lbl 00
0269, lbl 00
026A, lbl 00
026B, lbl 00
026C, lbl 00
026D, lbl 00
026E, lbl 00
026F, lbl 00
0270, lbl 00
0271, lbl 00
0272, lbl 00
0273, lbl 00
0274, lbl 00
0275, lbl 00
0276, lbl 00
0277, lbl 00
0278, lbl 00
0279, lbl 00
027A, lbl 00
027B, lbl 00
027C, lbl 00
027D, lbl 00
027E, lbl 00
027F, lbl 00
0280, lbl 00
0281, lbl 00
0282, lbl 00
0283, lbl 00
0284, lbl 00
0285, lbl 00
0286, lbl 00
0287, lbl 00
0288, lbl 00
0289, lbl 00
028A, lbl 00
028B, lbl 00
028C, lbl 00
028D, lbl 00
028E, t 00
028F, lbl 00
0290, lbl 00
0291, lbl 00
0292, lbl 00
0293, lbl 00
0294, lbl 80
0295, lbl 00
0296, lbl 00
0297, lbl 00
0298, lbl 00
0299, lbl 00
029A, lbl 00
029B, lbl 00
029C, lbl 00
029D, lbl 00
029E, lbl 00
029F, lbl 00
02A0, lbl 00
02A1, lbl 00
02A2, lbl 00
02A3, lbl 00
02A4, lbl 00
02A5, lbl 00
02A6, lbl 00
02A7, lbl 00
02A8, lbl 00
02A9, lbl 00
02AA, lbl 00
02AB, lbl 00
02AC, lbl 00
02AD, lbl 00
02AE, lbl 00
02AF, lbl 00
02B0, lbl 00
02B1, lbl 00
02B2, lbl 00
02B3, lbl 00
02B4, lbl 00
02B5, lbl 00
02B6, lbl 00
02B7, lbl 00
02B8, lbl 00
02B9, lbl 00
02BA, lbl 00
02BB, lbl 00
02BC, lbl 80
02BD, lbl 80
02BE, lbl 00
02BF, lbl 00
02C0, lbl 80
02C1, lbl 00
02C2, lbl 00
02C3, lbl 00
02C4, lbl 00
02C5, lbl 00
02C6, lbl 00
02C7, lbl 00
02C8, lbl 00
02C9, lbl 00
02CA, lbl 00
02CB, lbl 00
02CC, lbl 80
02CD, lbl 00
02CE, lbl 00
02CF, lbl 00
02D0, lbl 00
02D1, lbl 00
02D2, lbl 80
02D3, lbl 00
02D4, lbl 00
02D5, lbl 00
02D6, lbl 00
02D7, lbl 00
02D8, lbl 00
02D9, lbl 00
02DA, lbl 00
02DB, lbl 00
02DC, lbl 00
02DD, lbl 00
02DE, lbl 00
02DF, lbl 00
02E0, lbl 00
02E1, lbl 00
02E2, lbl 00
02E3, lbl 00
02E4, lbl 00
02E5, lbl 00
02E6, lbl 00
02E7, lbl 00
02E8, lbl 00
02E9, lbl 00
02EA, lbl 00
02EB, lbl 00
02EC, lbl 00
02ED, lbl 00
02EE, lbl 00
02EF, lbl 00
02F0, lbl 00
02F1, lbl 00
02F2, lbl 00
02F3, lbl 00
02F4, lbl 00
02F5, lbl 00
02F6, lbl 00
02F7, lbl 00
02F8, lbl 00
02F9, lbl 00
02FA, lbl 00
02FB, lbl 00
02FC, lbl 00
02FD, lbl 00
02FE, lbl 00
02FF, lbl 00
0300, lbl 00
0301, lbl 00
0302, lbl 00
0303, lbl 00
0304, lbl 00
0305, lbl 00
0306, lbl 00
0307, lbl 00
0308, lbl 00
0309, lbl 00
030A, lbl 00
030B, lbl 00
030C, lbl 00
030D, lbl 00
030E, lbl 00
030F, lbl 00
0310, lbl 00
0311, lbl 00
0312, lbl 00
0313, lbl 00
0314, lbl 00
0315, lbl 00
0316, lbl 00
0317, lbl 00
0318, lbl 00
0319, lbl 00
031A, lbl 00
031B, lbl 00
031C, lbl 00
031D, lbl 00
031E, lbl 00
031F, lbl 00
0320, lbl 00
0321, lbl 00
0322, lbl 00
0323, lbl 00
0324, lbl 00
0325, lbl 00
0326, lbl 00
0327, lbl 00
0328, lbl 00
0329, lbl 00
032A, lbl 00
032B, lbl 00
032C, lbl 00
032D, lbl 00
032E, lbl 00
032F, lbl 00
0330, lbl 00
0331, lbl 00
0332, lbl 00
0333, lbl 00
0334, lbl 00
0335, lbl 00
0336, lbl 00
0337, lbl 00
0338, lbl 00
0339, lbl 00
033A, lbl 00
033B, lbl 00
033C, lbl 00
033D, lbl 00
033E, lbl 00
033F, lbl 00
0340, lbl 00
0341, lbl 00
0342, lbl 00
0343, lbl 00
0344, lbl 00
0345, lbl 00
0346, lbl 00
0347, lbl 00
0348, lbl 00
0349, lbl 00
034A, lbl 00
034B, lbl 00
034C, lbl 00
034D, lbl 00
034E, lbl 00
034F, lbl 00
0350, lbl 00
0351, lbl 00
0352, lbl 00
0353, lbl 00
0354, lbl 00
0355, lbl 00
0356, lbl 00
0357, lbl 00
0358, lbl 00
0359, lbl 00
035A, lbl 00
035B, lbl 00
035C, lbl 00
035D, lbl 00
035E, lbl 00
035F, lbl 00
0360, lbl 00
0361, lbl 00
0362, lbl 00
0363, lbl 00
0364, lbl 00
0365, lbl 00
0366, lbl 00
0367, lbl 00
0368, lbl 00
0369, lbl 00
036A, lbl 00
036B, lbl 00
036C, lbl 00
036D, lbl 00
036E, lbl 00
036F, lbl 00
0370, lbl 00
0371, lbl 00
0372, lbl 00
0373, lbl 00
0374, lbl 00
0375, lbl 00
0376, lbl 00
0377, lbl 00
0378, lbl 00
0379, lbl 00
037A, lbl 00
037B, lbl 00
037C, lbl 00
037D, lbl 00
037E, lbl 00
037F, lbl 00
0380, lbl 00
0381, lbl 00
0382, lbl 00
0383, lbl 00
0384, lbl 00
0385, lbl 00
0386, lbl 00
0387, lbl 00
0388, lbl 00
0389, lbl 00
038A, lbl 00
038B, lbl 00
038C, lbl 00
038D, lbl 00
038E, lbl 00
038F, lbl 00
0390, lbl 00
0391, lbl 00
0392, lbl 00
0393, lbl 00
0394, lbl 00
0395, lbl 00
0396, lbl 00
0397, lbl 00
0398, lbl 00
0399, lbl 00
039A, lbl 00
039B, lbl 00
039C, lbl 00
039D, lbl 00
039E, lbl 00
039F, lbl 00
03A0, lbl 00
03A1, lbl 00
03A2, lbl 00
03A3, lbl 00
03A4, lbl 00
03A5, lbl 00
03A6, lbl 00
03A7, lbl 00
03A8, lbl 00
03A9, lbl 00
03AA, lbl 00
03AB, lbl 00
03AC, lbl 00
03AD, lbl 00
03AE, lbl 00
03AF, lbl 00
03B0, lbl 00
03B1, lbl 00
03B2, lbl 00
03B3, lbl 00
03B4, lbl 00
03B5, lbl 00
03B6, lbl 00
03B7, lbl 00
03B8, lbl 00
03B9, lbl 00
03BA, lbl 00
03BB, lbl 00
03BC, lbl 00
03BD, lbl 00
03BE, lbl 00
03BF, lbl 00
03C0, lbl 00
03C1, lbl 00
03C2, lbl 00
03C3, lbl 00
03C4, lbl 00
03C5, lbl 00
03C6, lbl 00
03C7, lbl 00
03C8, lbl 00
03C9, lbl 00
03CA, lbl 00
03CB, lbl 00
03CC, lbl 00
03CD, lbl 00
03CE, lbl 00
03CF, lbl 00
03D0, lbl 00
03D1, lbl 00
03D2, lbl 00
03D3, lbl 00
03D4, lbl 00
03D5, lbl 00
03D6, lbl 00
03D7, lbl 00
03D8, lbl 00
03D9, lbl 00
03DA, lbl 00
03DB, lbl 00
03DC, lbl 00
03DD, lbl 00
03DE, lbl 00
03DF, lbl 00
03E0, lbl 00
03E1, lbl 00
03E2, lbl 00
03E3, lbl 00
03E4, lbl 00
03E5, lbl 00
03E6, lbl 00
03E7, lbl 00
03E8, lbl 00
03E9, lbl 00
03EA, lbl 00
03EB, lbl 00
03EC, lbl 00
03ED, lbl 00
03EE, lbl 00
03EF, lbl 00
03F0, lbl 00
03F1, lbl 00
03F2, lbl 00
03F3, lbl 00
03F4, lbl 00
03F5, lbl 00
03F6, lbl 00
03F7, lbl 00
03F8, lbl 00
03F9, lbl 00
03FA, lbl 00
03FB, lbl 00
03FC, lbl 00
03FD, lbl 00
03FE, lbl 00
03FF, lbl 00
0400, lbl 00
0401, lbl 00
0402, lbl 00
0403, lbl 00
0404, lbl 00
0405, lbl 00
0406, lbl 00
0407, lbl 00
0408, lbl 00
0409, lbl 00
040A, lbl 00
040B, lbl 00
040C, lbl 00
040D, lbl 00
040E, lbl 00
040F, lbl 00
0410, lbl 00
0411, lbl 00
0412, lbl 00
0413, lbl 00
0414, lbl 00
0415, lbl 00
0416, lbl 00
0417, lbl 00
0418, lbl 00
0419, lbl 00
041A, lbl 00
041B, lbl 00
041C, lbl 00
041D, lbl 00
041E, lbl 00
041F, lbl 00
0420, lbl 00
0421, lbl 00
0422, lbl 00
0423, lbl 00
0424, lbl 00
0425, lbl 00
0426, lbl 00
0427, lbl 00
0428, lbl 00
0429, lbl 00
042A, lbl 00
042B, lbl 00
042C, lbl 00
042D, lbl 00
042E, lbl 00
042F, lbl 00
0430, lbl 00
0431, lbl 00
0432, lbl 00
0433, lbl 00
0434, lbl 00
0435, lbl 00
0436, lbl 00
0437, lbl 00
0438, lbl 00
0439, lbl 00
043A, lbl 00
043B, lbl 00
043C, lbl 00
043D, lbl 00
043E, lbl 00
043F, lbl 00
0440, lbl 00
0441, lbl 00
0442, lbl 00
0443, lbl 00
0444, lbl 00
0445, lbl 00
0446, lbl 00
0447, lbl 00
0448, lbl 00
0449, lbl 00
044A, lbl 00
044B, lbl 00
044C, lbl 00
044D, lbl 00
044E, lbl 00
044F, lbl 00
0450, lbl 00
0451, lbl 00
0452, lbl 00
0453, lbl 00
0454, lbl 00
0455, lbl 00
0456, lbl 00
0457, lbl 00
0458, lbl 00
0459, lbl 00
045A, lbl 00
045B, lbl 00
045C, lbl 00
045D, lbl 00
045E, lbl 00
045F, lbl 00
0460, lbl 00
0461, lbl 00
0462, lbl 00
0463, lbl 00
0464, lbl 00
0465, lbl 00
0466, lbl 00
0467, lbl 00
0468, lbl 00
0469, lbl 00
046A, lbl 00
046B, lbl 00
046C, lbl 00
046D, lbl 00
046E, lbl 00
046F, lbl 00
0470, lbl 00
0471, lbl 00
0472, lbl 00
0473, lbl 00
0474, lbl 00
0475, lbl 00
0476, lbl 00
0477, lbl 00
0478, lbl 00
0479, lbl 00
047A, lbl 00
047B, lbl 00
047C, lbl 00
047D, lbl 00
047E, lbl 00
047F, lbl 00
0480, lbl 00
0481, lbl 00
0482, lbl 00
0483, lbl 00
0484, lbl 00
0485, lbl 00
0486, lbl 00
0487, lbl 00
0488, lbl 00
0489, lbl 00
048A, lbl 00
048B, lbl 00
048C, lbl 00
048D, lbl 00
048E, lbl 00
048F, lbl 00
0490, lbl 00
0491, lbl 00
0492, lbl 00
0493, lbl 00
0494, lbl 00
0495, lbl 00
0496, lbl 00
0497, lbl 00
0498, lbl 00
0499, lbl 00
049A, lbl 00
049B, lbl 00
049C, lbl 00
049D, lbl 00
049E, lbl 00
049F, lbl 00
04A0, lbl 00
04A1, lbl 00
04A2, lbl 00
04A3, lbl 00
04A4, lbl 00
04A5, lbl 00
04A6, lbl 00
04A7, lbl 00
04A8, lbl 00
04A9, lbl 00
04AA, lbl 00
04AB, lbl 00
04AC, lbl 00
04AD, lbl 00
04AE, lbl 00
04AF, lbl 00
04B0, lbl 00
04B1, lbl 00
04B2, lbl 00
04B3, lbl 00
04B4, lbl 00
04B5, lbl 00
04B6, lbl 00
04B7, lbl 00
04B8, lbl 00
04B9, lbl 00
04BA, lbl 00
04BB, lbl 00
04BC, lbl 00
04BD, lbl 00
04BE, lbl 00
04BF, lbl 00
04C0, lbl 00
04C1, lbl 00
04C2, lbl 00
04C3, lbl 00
04C4, lbl 00
04C5, lbl 00
04C6, lbl 00
04C7, lbl 00
04C8, lbl 00
04C9, lbl 00
04CA, lbl 00
04CB, lbl 00
04CC, lbl 00
04CD, lbl 00
04CE, lbl 00
04CF, lbl 00
04D0, lbl 00
04D1, lbl 00
04D2, lbl 00
04D3, lbl 00
04D4, lbl 00
04D5, lbl 00
04D6, lbl 00
04D7, lbl 00
04D8, lbl 00
04D9, lbl 00
04DA, lbl 00
04DB, lbl 00
04DC, lbl 00
04DD, lbl 00
04DE, lbl 00
04DF, lbl 00
04E0, lbl 00
04E1, lbl 00
04E2, lbl 00
04E3, lbl 00
04E4, lbl 00
04E5, lbl 00
04E6, lbl 00
04E7, lbl 00
04E8, lbl 00
04E9, lbl 00
04EA, lbl 00
04EB, lbl 00
04EC, lbl 00
04ED, lbl 00
04EE, lbl 00
04EF, lbl 00
04F0, lbl 00
04F1, lbl 00
04F2, lbl 00
04F3, lbl 00
04F4, lbl 00
04F5, lbl 00
04F6, lbl 00
04F7, lbl 00
04F8, lbl 00
04F9, lbl 00
04FA, lbl 00
04FB, lbl 00
04FC, lbl 00
04FD, lbl 00
04FE, lbl 00
04FF, lbl 00
0500, lbl 00
0501, lbl 00
0502, lbl 00
0503, lbl 00
0504, lbl 00
0505, lbl 00
0506, lbl 00
0507, lbl 00
0508, lbl 00
0509, lbl 00
050A, lbl 00
050B, lbl 00
050C, lbl 00
050D, lbl 00
050E, lbl 00
050F, lbl 00
0510, lbl 00
0511, lbl 00
0512, lbl 00
0513, lbl 00
0514, lbl 00
0515, lbl 00
0516, lbl 00
0517, lbl 00
0518, lbl 00
0519, lbl 00
051A, lbl 00
051B, lbl 00
051C, lbl 00
051D, lbl 00
051E, lbl 00
051F, lbl 00
0520, lbl 00
0521, lbl 00
0522, lbl 00
0523, lbl 00
0524, lbl 00
0525, lbl 00
0526, lbl 00
0527, lbl 00
0528, lbl 00
0529, lbl 00
052A, lbl 00
052B, lbl 00
052C, lbl 00
052D, lbl 00
052E, lbl 00
052F, lbl 00
0530, lbl 00
0531, lbl 00
0532, lbl 00
0533, lbl 00
0534, lbl 00
0535, lbl 00
0536, lbl 00
0537, lbl 00
0538, lbl 00
0539, lbl 00
053A, lbl 00
053B, lbl 00
053C, lbl 00
053D, lbl 00
053E, lbl 00
053F, lbl 00
0540, lbl 00
0541, lbl 00
0542, lbl 00
0543, lbl 00
0544, lbl 00
0545, lbl 00
0546, lbl 00
0547, lbl 00
0548, lbl 00
0549, lbl 00
054A, lbl 00
054B, lbl 00
054C, lbl 00
054D, lbl 00
054E, lbl 00
054F, lbl 00
0550, lbl 00
0551, lbl 00
0552, lbl 00
0553, lbl 00
0554, lbl 00
0555, lbl 00
0556, lbl 00
0557, lbl 00
0558, lbl 00
0559, lbl 00
055A, lbl 00
055B, lbl 00
055C, lbl 00
055D, lbl 00
055E, lbl 00
055F, lbl 00
0560, lbl 00
0561, lbl 00
0562, lbl 00
0563, lbl 00
0564, lbl 00
0565, lbl 00
0566, lbl 00
0567, lbl 00
0568, lbl 00
0569, lbl 00
056A, lbl 00
056B, lbl 00
056C, lbl 00
056D, lbl 00
056E, lbl 00
056F, lbl 00
0570, lbl 00
0571, lbl 00
0572, lbl 00
0573, lbl 00
0574, lbl 00
0575, lbl 00
0576, lbl 00
0577, lbl 00
0578, lbl 00
0579, lbl 00
057A, lbl 00
057B, lbl 00
057C, lbl 00
057D, lbl 00
057E, lbl 00
057F, lbl 00
0580, lbl 00
0581, lbl 00
0582, lbl 00
0583, lbl 00
0584, lbl 00
0585, lbl 00
0586, lbl 00
0587, lbl 00
0588, lbl 00
0589, lbl 00
058A, lbl 00
058B, lbl 00
058C, lbl 00
058D, lbl 00
058E, lbl 00
058F, lbl 00
0590, lbl 00
0591, lbl 00
0592, lbl 00
0593, lbl 00
0594, lbl 00
0595, lbl 00
0596, lbl 00
0597, lbl 00
0598, lbl 00
0599, lbl 00
059A, lbl 00
059B, lbl 00
059C, lbl 00
059D, lbl 00
059E, lbl 00
059F, lbl 00
05A0, lbl 00
05A1, lbl 00
05A2, lbl 00
05A3, lbl 00
05A4, lbl 00
05A5, lbl 00
05A6, lbl 00
05A7, lbl 00
05A8, lbl 00
05A9, lbl 00
05AA, lbl 00
05AB, lbl 00
05AC, lbl 00
05AD, lbl 00
05AE, lbl 00
05AF, lbl 00
05B0, lbl 00
05B1, lbl 00
05B2, lbl 00
05B3, lbl 00
05B4, lbl 00
05B5, lbl 00
05B6, lbl 00
05B7, lbl 00
05B8, lbl 00
05B9, lbl 00
05BA, lbl 00
05BB, lbl 00
05BC, lbl 00
05BD, lbl 00
05BE, lbl 00
05BF, lbl 00
05C0, lbl 00
05C1, lbl 00
05C2, lbl 00
05C3, lbl 00
05C4, lbl 00
05C5, lbl 00
05C6, lbl 00
05C7, lbl 00
05C8, lbl 00
05C9, lbl 00
05CA, lbl 00
05CB, lbl 00
05CC, lbl 00
05CD, lbl 00
05CE, lbl 00
05CF, lbl 00
05D0, lbl 00
05D1, lbl 00
05D2, lbl 00
05D3, lbl 00
05D4, lbl 00
05D5, lbl 00
05D6, lbl 00
05D7, lbl 00
05D8, lbl 00
05D9, lbl 00
05DA, lbl 00
05DB, lbl 00
05DC, lbl 00
05DD, lbl 00
05DE, lbl 00
05DF, lbl 00
05E0, lbl 00
05E1, lbl 00
05E2, lbl 00
05E3, lbl 00
05E4, lbl 00
05E5, lbl 00
05E6, lbl 00
05E7, lbl 00
05E8, lbl 00
05E9, lbl 00
05EA, lbl 00
05EB, lbl 00
05EC, lbl 00
05ED, lbl 00
05EE, lbl 00
05EF, lbl 00
05F0, lbl 00
05F1, lbl 00
05F2, lbl 00
05F3, lbl 00
05F4, lbl 00
05F5, lbl 00
05F6, lbl 00
05F7, lbl 00
05F8, lbl 00
05F9, lbl 00
05FA, lbl 00
05FB, lbl 00
05FC, lbl 00
05FD, lbl 00
05FE, lbl 00
05FF, lbl 00
0600, lbl 00
0601, lbl 00
0602, lbl 00
0603, lbl 00
0604, lbl 00
0605, lbl 00
0606, lbl 00
0607, lbl 00
0608, lbl 00
0609, lbl 00
060A, lbl 00
060B, lbl 00
060C, lbl 00
060D, lbl 00
060E, lbl 00
060F, lbl 00
0610, lbl 00
0611, lbl 00
0612, lbl 00
0613, lbl 00
0614, lbl 00
0615, lbl 00
0616, lbl 00
0617, lbl 00
0618, lbl 00
0619, lbl 00
061A, lbl 00
061B, lbl 00
061C, lbl 00
061D, lbl 00
061E, lbl 00
061F, lbl 00
0620, lbl 00
0621, lbl 00
0622, lbl 00
0623, lbl 00
0624, lbl 00
0625, lbl 00
0626, lbl 00
0627, lbl 00
0628, lbl 00
0629, lbl 00
062A, lbl 00
062B, lbl 00
062C, lbl 00
062D, lbl 00
062E, lbl 00
062F, lbl 00
0630, lbl 00
0631, lbl 00
0632, lbl 00
0633, lbl 00
0634, lbl 00
0635, lbl 00
0636, lbl 00
0637, lbl 00
0638, lbl 00
0639, lbl 00
063A, lbl 00
063B, lbl 00
063C, lbl 00
063D, lbl 00
063E, lbl 00
063F, lbl 00
0640, lbl 00
0641, lbl 00
0642, lbl 00
0643, lbl 00
0644, lbl 00
0645, lbl 00
0646, lbl 00
0647, lbl 00
0648, lbl 00
0649, lbl 00
064A, lbl 00
064B, lbl 00
064C, lbl 00
064D, lbl 00
064E, lbl 00
064F, lbl 00
0650, lbl 00
0651, lbl 00
0652, lbl 00
0653, lbl 00
0654, lbl 00
0655, lbl 00
0656, lbl 00
0657, lbl 00
0658, lbl 00
0659, lbl 00
065A, lbl 00
065B, lbl 00
065C, lbl 00
065D, lbl 00
065E, lbl 00
065F, lbl 00
0660, lbl 00
0661, lbl 00
0662, lbl 00
0663, lbl 00
0664, lbl 00
0665, lbl 00
0666, lbl 00
0667, lbl 00
0668, lbl 00
0669, lbl 00
066A, lbl 00
066B, lbl 00
066C, lbl 00
066D, lbl 00
066E, lbl 00
066F, lbl 00
0670, lbl 00
0671, lbl 00
0672, lbl 00
0673, lbl 00
0674, lbl 00
0675, lbl 00
0676, lbl 00
0677, lbl 00
0678, lbl 00
0679, lbl 00
067A, lbl 00
067B, lbl 00
067C, lbl 00
067D, lbl 00
067E, lbl 00
067F, lbl 00
0680, lbl 00
0681, lbl 00
0682, lbl 00
0683, lbl 00
0684, lbl 00
0685, lbl 00
0686, lbl 00
0687, lbl 00
0688, lbl 00
0689, lbl 00
068A, lbl 00
068B, lbl 00
068C, lbl 00
068D, lbl 00
068E, lbl 00
068F, lbl 00
0690, lbl 00
0691, lbl 00
0692, lbl 00
0693, lbl 00
0694, lbl 00
0695, lbl 00
0696, lbl 00
0697, lbl 00
0698, lbl 00
0699, lbl 00
069A, lbl 00
069B, lbl 00
069C, lbl 00
069D, lbl 00
069E, lbl 00
069F, lbl 00
06A0, lbl 00
06A1, lbl 00
06A2, lbl 00
06A3, lbl 00
06A4, lbl 00
06A5, lbl 00
06A6, lbl 00
06A7, lbl 00
06A8, lbl 00
06A9, lbl 00
06AA, lbl 00
06AB, lbl 00
06AC, lbl 00
06AD, lbl 00
06AE, lbl 00
06AF, lbl 00
06B0, lbl 00
06B1, lbl 00
06B2, lbl 00
06B3, lbl 00
06B4, lbl 00
06B5, lbl 00
06B6, lbl 00
06B7, lbl 00
06B8, lbl 00
06B9, lbl 00
06BA, lbl 00
06BB, lbl 00
06BC, lbl 00
06BD, lbl 00
06BE, lbl 00
06BF, lbl 00
06C0, lbl 00
06C1, lbl 00
06C2, lbl 00
06C3, lbl 00
06C4, lbl 00
06C5, lbl 00
06C6, lbl 00
06C7, lbl 00
06C8, lbl 00
06C9, lbl 00
06CA, lbl 00
06CB, lbl 00
06CC, lbl 00
06CD, lbl 00
06CE, lbl 00
06CF, lbl 00
06D0, lbl 00
06D1, lbl 00
06D2, lbl 00
06D3, lbl 00
06D4, lbl 00
06D5, lbl 00
06D6, lbl 00
06D7, lbl 00
06D8, lbl 00
06D9, lbl 00
06DA, lbl 00
06DB, lbl 00
06DC, lbl 00
06DD, lbl 00
06DE, lbl 00
06DF, lbl 00
06E0, lbl 00
06E1, lbl 00
06E2, lbl 00
06E3, lbl 00
06E4, lbl 00
06E5, lbl 00
06E6, lbl 00
06E7, lbl 00
06E8, lbl 00
06E9, lbl 00
06EA, lbl 00
06EB, lbl 00
06EC, lbl 00
06ED, lbl 00
06EE, lbl 00
06EF, lbl 00
06F0, lbl 00
06F1, lbl 00
06F2, lbl 00
06F3, lbl 00
06F4, lbl 00
06F5, lbl 00
06F6, lbl 00
06F7, lbl 00
06F8, lbl 00
06F9, lbl 00
06FA, lbl 00
06FB, lbl 00
06FC, lbl 00
06FD, lbl 00
06FE, lbl 00
06FF, lbl 00
0700, lbl 00
0701, lbl 00
0702, lbl 00
0703, lbl 00
0704, lbl 00
0705, lbl 00
0706, lbl 00
0707, lbl 00
0708, lbl 00
0709, lbl 00
070A, lbl 00
070B, lbl 00
070C, lbl 00
070D, lbl 00
070E, lbl 00
070F, lbl 00
0710, lbl 00
0711, lbl 00
0712, lbl 00
0713, lbl 00
0714, lbl 00
0715, lbl 00
0716, lbl 00
0717, lbl 00
0718, lbl 00
0719, lbl 00
071A, lbl 00
071B, lbl 00
071C, lbl 00
071D, lbl 00
071E, lbl 00
071F, lbl 00
0720, lbl 00
0721, lbl 00
0722, lbl 00
0723, lbl 00
0724, lbl 00
0725, lbl 00
0726, lbl 00
0727, lbl 00
0728, lbl 00
0729, lbl 00
072A, lbl 00
072B, lbl 00
072C, lbl 00
072D, lbl 00
072E, lbl 00
072F, lbl 00
0730, lbl 00
0731, lbl 00
0732, lbl 00
0733, lbl 00
0734, lbl 00
0735, lbl 00
0736, lbl 00
0737, lbl 00
0738, lbl 00
0739, lbl 00
073A, lbl 00
073B, lbl 00
073C, lbl 00
073D, lbl 00
073E, lbl 00
073F, lbl 00
0740, lbl 00
0741, lbl 00
0742, lbl 00
0743, lbl 00
0744, lbl 00
0745, lbl 00
0746, lbl 00
0747, lbl 00
0748, lbl 00
0749, lbl 00
074A, lbl 00
074B, lbl 00
074C, lbl 00
074D, lbl 00
074E, lbl 00
074F, lbl 00
0750, lbl 00
0751, lbl 00
0752, lbl 00
0753, lbl 00
0754, lbl 00
0755, lbl 00
0756, lbl 00
0757, lbl 00
0758, lbl 00
0759, lbl 00
075A, lbl 00
075B, lbl 00
075C, lbl 00
075D, lbl 00
075E, lbl 00
075F, lbl 00
0760, lbl 00
0761, lbl 00
0762, lbl 00
0763, lbl 00
0764, lbl 00
0765, lbl 00
0766, lbl 00
0767, lbl 00
0768, lbl 00
0769, lbl 00
076A, lbl 00
076B, lbl 00
076C, lbl 00
076D, lbl 00
076E, lbl 00
076F, lbl 00
0770, lbl 00
0771, lbl 00
0772, lbl 00
0773, lbl 00
0774, lbl 00
0775, lbl 00
0776, lbl 00
0777, lbl 00
0778, lbl 00
0779, lbl 00
077A, lbl 00
077B, lbl 00
077C, lbl 00
077D, lbl 00
077E, lbl 00
077F, lbl 00
0780, lbl 00
0781, lbl 00
0782, lbl 00
0783, lbl 00
0784, lbl 00
0785, lbl 00
0786, lbl 00
0787, lbl 00
0788, lbl 00
0789, lbl 00
078A, lbl 00
078B, lbl 00
078C, lbl 00
078D, lbl 00
078E, lbl 00
078F, lbl 00
0790, lbl 00
0791, lbl 00
0792, lbl 00
0793, lbl 00
0794, lbl 00
0795, lbl 00
0796, lbl 00
0797, lbl 00
0798, lbl 00
0799, lbl 00
079A, lbl 00
079B, lbl 00
079C, lbl 00
079D, lbl 00
079E, lbl 00
079F, lbl 00
07A0, lbl 00
07A1, lbl 00
07A2, lbl 00
07A3, lbl 00
07A4, lbl 00
07A5, lbl 00
07A6, lbl 00
07A7, lbl 00
07A8, lbl 00
07A9, lbl 00
07AA, lbl 00
07AB, lbl 00
07AC, lbl 00
07AD, lbl 00
07AE, lbl 00
07AF, lbl 00
07B0, lbl 00
07B1, lbl 00
07B2, lbl 00
07B3, lbl 00
07B4, lbl 00
07B5, lbl 00
07B6, lbl 00
07B7, lbl 00
07B8, lbl 00
07B9, lbl 00
07BA, lbl 00
07BB, lbl 00
07BC, lbl 00
07BD, lbl 00
07BE, lbl 00
07BF, lbl 00
07C0, lbl 00
07C1, lbl 00
07C2, lbl 00
07C3, lbl 00
07C4, lbl 00
07C5, lbl 00
07C6, lbl 00
07C7, lbl 00
07C8, lbl 00
07C9, lbl 00
07CA, lbl 00
07CB, lbl 00
07CC, lbl 00
07CD, lbl 00
07CE, lbl 00
07CF, lbl 00
07D0, lbl 00
07D1, lbl 00
07D2, lbl 00
07D3, lbl 00
07D4, lbl 00
07D5, lbl 00
07D6, lbl 00
07D7, lbl 00
07D8, lbl 00
07D9, lbl 00
07DA, lbl 00
07DB, lbl 00
07DC, lbl 00
07DD, lbl 00
07DE, lbl 00
07DF, lbl 00
07E0, lbl 00
07E1, lbl 00
07E2, lbl 00
07E3, lbl 00
07E4, lbl 00
07E5, lbl 00
07E6, lbl 00
07E7, lbl 00
07E8, lbl 00
07E9, lbl 00
07EA, lbl 00
07EB, lbl 00
07EC, lbl 00
07ED, lbl 00
07EE, lbl 00
07EF, lbl 00
07F0, lbl 00
07F1, lbl 00
07F2, lbl 00
07F3, lbl 00
07F4, lbl 00
07F5, lbl 00
07F6, lbl 00
07F7, lbl 00
07F8, lbl 00
07F9, lbl 00
07FA, lbl 00
07FB, lbl 00
07FC, lbl 00
07FD, lbl 00
07FE, lbl 00
07FF, lbl 00

